<?xml version="1.0" encoding="UTF-8"?>
<!-- Generated by org.testng.reporters.JUnitReportReporter -->
<testsuite hostname="DESKTOP-G57O9TK" failures="0" tests="2" name="qaclickacademy.AppiumTest" time="0.023" errors="0" timestamp="21 Feb 2022 05:00:21 GMT">
  <testcase classname="qaclickacademy.AppiumTest" name="NativeAppAndroid" time="0.001"/>
  <testcase classname="qaclickacademy.AppiumTest" name="IOApps" time="0.022"/>
</testsuite> <!-- qaclickacademy.AppiumTest -->
