<?xml version="1.0" encoding="UTF-8"?>
<!-- Generated by org.testng.reporters.JUnitReportReporter -->
<testsuite hostname="DESKTOP-G57O9TK" failures="0" tests="2" name="qaclickacademy.RESTAPITest" time="0.003" errors="0" timestamp="21 Feb 2022 05:00:21 GMT">
  <testcase classname="qaclickacademy.RESTAPITest" name="deleteTwitter" time="0.001"/>
  <testcase classname="qaclickacademy.RESTAPITest" name="postJira" time="0.002"/>
</testsuite> <!-- qaclickacademy.RESTAPITest -->
