<?xml version="1.0" encoding="UTF-8"?>
<!-- Generated by org.testng.reporters.JUnitReportReporter -->
<testsuite hostname="DESKTOP-G57O9TK" failures="0" tests="2" name="qaclickacademy.SeleniumTest" time="0.001" errors="0" timestamp="21 Feb 2022 05:00:21 GMT">
  <testcase classname="qaclickacademy.SeleniumTest" name="elmentsUi" time="0.001"/>
  <testcase classname="qaclickacademy.SeleniumTest" name="BrowserAutomation" time="0.000"/>
</testsuite> <!-- qaclickacademy.SeleniumTest -->
